This file contains any messages produced by compilers while
running configure, to aid debugging if configure makes a mistake.

It was created by libde265 configure 1.0.7, which was
generated by GNU Autoconf 2.69.  Invocation command line was

  $ ./configure 

## --------- ##
## Platform. ##
## --------- ##

hostname = ist126fall2020-vm
uname -m = x86_64
uname -r = 4.9.0-13-amd64
uname -s = Linux
uname -v = #1 SMP Debian 4.9.228-1 (2020-07-05)

/usr/bin/uname -p = unknown
/bin/uname -X     = unknown

/bin/arch              = unknown
/usr/bin/arch -k       = unknown
/usr/convex/getsysinfo = unknown
/usr/bin/hostinfo      = unknown
/bin/machine           = unknown
/usr/bin/oslevel       = unknown
/bin/universe          = unknown

PATH: /usr/local/sbin
PATH: /usr/local/bin
PATH: /usr/sbin
PATH: /usr/bin
PATH: /sbin
PATH: /bin


## ----------- ##
## Core tests. ##
## ----------- ##

configure:2797: checking build system type
configure:2811: result: x86_64-pc-linux-gnu
configure:2831: checking host system type
configure:2844: result: x86_64-pc-linux-gnu
configure:2864: checking target system type
configure:2877: result: x86_64-pc-linux-gnu
configure:2955: checking how to print strings
configure:2982: result: printf
configure:3054: checking for gcc
configure:3070: found /usr/bin/gcc
configure:3081: result: gcc
configure:3310: checking for C compiler version
configure:3319: gcc --version >&5
gcc (Debian 6.3.0-18+deb9u1) 6.3.0 20170516
Copyright (C) 2016 Free Software Foundation, Inc.
This is free software; see the source for copying conditions.  There is NO
warranty; not even for MERCHANTABILITY or FITNESS FOR A PARTICULAR PURPOSE.

configure:3330: $? = 0
configure:3319: gcc -v >&5
Using built-in specs.
COLLECT_GCC=gcc
COLLECT_LTO_WRAPPER=/usr/lib/gcc/x86_64-linux-gnu/6/lto-wrapper
Target: x86_64-linux-gnu
Configured with: ../src/configure -v --with-pkgversion='Debian 6.3.0-18+deb9u1' --with-bugurl=file:///usr/share/doc/gcc-6/README.Bugs --enable-languages=c,ada,c++,java,go,d,fortran,objc,obj-c++ --prefix=/usr --program-suffix=-6 --program-prefix=x86_64-linux-gnu- --enable-shared --enable-linker-build-id --libexecdir=/usr/lib --without-included-gettext --enable-threads=posix --libdir=/usr/lib --enable-nls --with-sysroot=/ --enable-clocale=gnu --enable-libstdcxx-debug --enable-libstdcxx-time=yes --with-default-libstdcxx-abi=new --enable-gnu-unique-object --disable-vtable-verify --enable-libmpx --enable-plugin --enable-default-pie --with-system-zlib --disable-browser-plugin --enable-java-awt=gtk --enable-gtk-cairo --with-java-home=/usr/lib/jvm/java-1.5.0-gcj-6-amd64/jre --enable-java-home --with-jvm-root-dir=/usr/lib/jvm/java-1.5.0-gcj-6-amd64 --with-jvm-jar-dir=/usr/lib/jvm-exports/java-1.5.0-gcj-6-amd64 --with-arch-directory=amd64 --with-ecj-jar=/usr/share/java/eclipse-ecj.jar --with-target-system-zlib --enable-objc-gc=auto --enable-multiarch --with-arch-32=i686 --with-abi=m64 --with-multilib-list=m32,m64,mx32 --enable-multilib --with-tune=generic --enable-checking=release --build=x86_64-linux-gnu --host=x86_64-linux-gnu --target=x86_64-linux-gnu
Thread model: posix
gcc version 6.3.0 20170516 (Debian 6.3.0-18+deb9u1) 
configure:3330: $? = 0
configure:3319: gcc -V >&5
gcc: error: unrecognized command line option '-V'
gcc: fatal error: no input files
compilation terminated.
configure:3330: $? = 1
configure:3319: gcc -qversion >&5
gcc: error: unrecognized command line option '-qversion'; did you mean '--version'?
gcc: fatal error: no input files
compilation terminated.
configure:3330: $? = 1
configure:3350: checking whether the C compiler works
configure:3372: gcc    conftest.c  >&5
configure:3376: $? = 0
configure:3424: result: yes
configure:3427: checking for C compiler default output file name
configure:3429: result: a.out
configure:3435: checking for suffix of executables
configure:3442: gcc -o conftest    conftest.c  >&5
configure:3446: $? = 0
configure:3468: result: 
configure:3490: checking whether we are cross compiling
configure:3498: gcc -o conftest    conftest.c  >&5
configure:3502: $? = 0
configure:3509: ./conftest
configure:3513: $? = 0
configure:3528: result: no
configure:3533: checking for suffix of object files
configure:3555: gcc -c   conftest.c >&5
configure:3559: $? = 0
configure:3580: result: o
configure:3584: checking whether we are using the GNU C compiler
configure:3603: gcc -c   conftest.c >&5
configure:3603: $? = 0
configure:3612: result: yes
configure:3621: checking whether gcc accepts -g
configure:3641: gcc -c -g  conftest.c >&5
configure:3641: $? = 0
configure:3682: result: yes
configure:3699: checking for gcc option to accept ISO C89
configure:3762: gcc  -c -g -O2  conftest.c >&5
configure:3762: $? = 0
configure:3775: result: none needed
configure:3800: checking whether gcc understands -c and -o together
configure:3822: gcc -c conftest.c -o conftest2.o
configure:3825: $? = 0
configure:3822: gcc -c conftest.c -o conftest2.o
configure:3825: $? = 0
configure:3837: result: yes
configure:3854: checking for a sed that does not truncate output
configure:3918: result: /bin/sed
configure:3936: checking for grep that handles long lines and -e
configure:3994: result: /bin/grep
configure:3999: checking for egrep
configure:4061: result: /bin/grep -E
configure:4066: checking for fgrep
configure:4128: result: /bin/grep -F
configure:4163: checking for ld used by gcc
configure:4230: result: /usr/bin/ld
configure:4237: checking if the linker (/usr/bin/ld) is GNU ld
configure:4252: result: yes
configure:4264: checking for BSD- or MS-compatible name lister (nm)
configure:4318: result: /usr/bin/nm -B
configure:4448: checking the name lister (/usr/bin/nm -B) interface
configure:4455: gcc -c -g -O2  conftest.c >&5
configure:4458: /usr/bin/nm -B "conftest.o"
configure:4461: output
0000000000000000 B some_variable
configure:4468: result: BSD nm
configure:4471: checking whether ln -s works
configure:4475: result: yes
configure:4483: checking the maximum length of command line arguments
configure:4614: result: 1572864
configure:4662: checking how to convert x86_64-pc-linux-gnu file names to x86_64-pc-linux-gnu format
configure:4702: result: func_convert_file_noop
configure:4709: checking how to convert x86_64-pc-linux-gnu file names to toolchain format
configure:4729: result: func_convert_file_noop
configure:4736: checking for /usr/bin/ld option to reload object files
configure:4743: result: -r
configure:4817: checking for objdump
configure:4833: found /usr/bin/objdump
configure:4844: result: objdump
configure:4876: checking how to recognize dependent libraries
configure:5076: result: pass_all
configure:5161: checking for dlltool
configure:5191: result: no
configure:5221: checking how to associate runtime and link libraries
configure:5248: result: printf %s\n
configure:5309: checking for ar
configure:5325: found /usr/bin/ar
configure:5336: result: ar
configure:5373: checking for archiver @FILE support
configure:5390: gcc -c -g -O2  conftest.c >&5
configure:5390: $? = 0
configure:5393: ar cru libconftest.a @conftest.lst >&5
ar: `u' modifier ignored since `D' is the default (see `U')
configure:5396: $? = 0
configure:5401: ar cru libconftest.a @conftest.lst >&5
ar: `u' modifier ignored since `D' is the default (see `U')
ar: conftest.o: No such file or directory
configure:5404: $? = 1
configure:5416: result: @
configure:5474: checking for strip
configure:5490: found /usr/bin/strip
configure:5501: result: strip
configure:5573: checking for ranlib
configure:5589: found /usr/bin/ranlib
configure:5600: result: ranlib
configure:5677: checking for gawk
configure:5707: result: no
configure:5677: checking for mawk
configure:5693: found /usr/bin/mawk
configure:5704: result: mawk
configure:5744: checking command to parse /usr/bin/nm -B output from gcc object
configure:5897: gcc -c -g -O2  conftest.c >&5
configure:5900: $? = 0
configure:5904: /usr/bin/nm -B conftest.o \| sed -n -e 's/^.*[ ]\([ABCDGIRSTW][ABCDGIRSTW]*\)[ ][ ]*\([_A-Za-z][_A-Za-z0-9]*\)$/\1 \2 \2/p' | sed '/ __gnu_lto/d' \> conftest.nm
configure:5907: $? = 0
configure:5973: gcc -o conftest -g -O2   conftest.c conftstm.o >&5
configure:5976: $? = 0
configure:6014: result: ok
configure:6061: checking for sysroot
configure:6091: result: no
configure:6098: checking for a working dd
configure:6136: result: /bin/dd
configure:6140: checking how to truncate binary pipes
configure:6155: result: /bin/dd bs=4096 count=1
configure:6291: gcc -c -g -O2  conftest.c >&5
configure:6294: $? = 0
configure:6484: checking for mt
configure:6500: found /bin/mt
configure:6511: result: mt
configure:6534: checking if mt is a manifest tool
configure:6540: mt '-?'
configure:6548: result: no
configure:7225: checking how to run the C preprocessor
configure:7256: gcc -E  conftest.c
configure:7256: $? = 0
configure:7270: gcc -E  conftest.c
conftest.c:9:28: fatal error: ac_nonexistent.h: No such file or directory
 #include <ac_nonexistent.h>
                            ^
compilation terminated.
configure:7270: $? = 1
configure: failed program was:
| /* confdefs.h */
| #define PACKAGE_NAME "libde265"
| #define PACKAGE_TARNAME "libde265"
| #define PACKAGE_VERSION "1.0.7"
| #define PACKAGE_STRING "libde265 1.0.7"
| #define PACKAGE_BUGREPORT "farin@struktur.de"
| #define PACKAGE_URL ""
| /* end confdefs.h.  */
| #include <ac_nonexistent.h>
configure:7295: result: gcc -E
configure:7315: gcc -E  conftest.c
configure:7315: $? = 0
configure:7329: gcc -E  conftest.c
conftest.c:9:28: fatal error: ac_nonexistent.h: No such file or directory
 #include <ac_nonexistent.h>
                            ^
compilation terminated.
configure:7329: $? = 1
configure: failed program was:
| /* confdefs.h */
| #define PACKAGE_NAME "libde265"
| #define PACKAGE_TARNAME "libde265"
| #define PACKAGE_VERSION "1.0.7"
| #define PACKAGE_STRING "libde265 1.0.7"
| #define PACKAGE_BUGREPORT "farin@struktur.de"
| #define PACKAGE_URL ""
| /* end confdefs.h.  */
| #include <ac_nonexistent.h>
configure:7358: checking for ANSI C header files
configure:7378: gcc -c -g -O2  conftest.c >&5
configure:7378: $? = 0
configure:7451: gcc -o conftest -g -O2   conftest.c  >&5
configure:7451: $? = 0
configure:7451: ./conftest
configure:7451: $? = 0
configure:7462: result: yes
configure:7475: checking for sys/types.h
configure:7475: gcc -c -g -O2  conftest.c >&5
configure:7475: $? = 0
configure:7475: result: yes
configure:7475: checking for sys/stat.h
configure:7475: gcc -c -g -O2  conftest.c >&5
configure:7475: $? = 0
configure:7475: result: yes
configure:7475: checking for stdlib.h
configure:7475: gcc -c -g -O2  conftest.c >&5
configure:7475: $? = 0
configure:7475: result: yes
configure:7475: checking for string.h
configure:7475: gcc -c -g -O2  conftest.c >&5
configure:7475: $? = 0
configure:7475: result: yes
configure:7475: checking for memory.h
configure:7475: gcc -c -g -O2  conftest.c >&5
configure:7475: $? = 0
configure:7475: result: yes
configure:7475: checking for strings.h
configure:7475: gcc -c -g -O2  conftest.c >&5
configure:7475: $? = 0
configure:7475: result: yes
configure:7475: checking for inttypes.h
configure:7475: gcc -c -g -O2  conftest.c >&5
configure:7475: $? = 0
configure:7475: result: yes
configure:7475: checking for stdint.h
configure:7475: gcc -c -g -O2  conftest.c >&5
configure:7475: $? = 0
configure:7475: result: yes
configure:7475: checking for unistd.h
configure:7475: gcc -c -g -O2  conftest.c >&5
configure:7475: $? = 0
configure:7475: result: yes
configure:7489: checking for dlfcn.h
configure:7489: gcc -c -g -O2  conftest.c >&5
configure:7489: $? = 0
configure:7489: result: yes
configure:7745: checking for objdir
configure:7760: result: .libs
configure:8024: checking if gcc supports -fno-rtti -fno-exceptions
configure:8042: gcc -c -g -O2  -fno-rtti -fno-exceptions conftest.c >&5
cc1: warning: command line option '-fno-rtti' is valid for C++/ObjC++ but not for C
configure:8046: $? = 0
configure:8059: result: no
configure:8417: checking for gcc option to produce PIC
configure:8424: result: -fPIC -DPIC
configure:8432: checking if gcc PIC flag -fPIC -DPIC works
configure:8450: gcc -c -g -O2  -fPIC -DPIC -DPIC conftest.c >&5
configure:8454: $? = 0
configure:8467: result: yes
configure:8496: checking if gcc static flag -static works
configure:8524: result: yes
configure:8539: checking if gcc supports -c -o file.o
configure:8560: gcc -c -g -O2  -o out/conftest2.o conftest.c >&5
configure:8564: $? = 0
configure:8586: result: yes
configure:8594: checking if gcc supports -c -o file.o
configure:8641: result: yes
configure:8674: checking whether the gcc linker (/usr/bin/ld -m elf_x86_64) supports shared libraries
configure:9937: result: yes
configure:9974: checking whether -lc should be explicitly linked in
configure:9982: gcc -c -g -O2  conftest.c >&5
configure:9985: $? = 0
configure:10000: gcc -shared  -fPIC -DPIC conftest.o  -v -Wl,-soname -Wl,conftest -o conftest 2\>\&1 \| /bin/grep  -lc  \>/dev/null 2\>\&1
configure:10003: $? = 0
configure:10017: result: no
configure:10177: checking dynamic linker characteristics
configure:10758: gcc -o conftest -g -O2   -Wl,-rpath -Wl,/foo conftest.c  >&5
configure:10758: $? = 0
configure:11007: result: GNU/Linux ld.so
configure:11129: checking how to hardcode library paths into programs
configure:11154: result: immediate
configure:11702: checking whether stripping libraries is possible
configure:11707: result: yes
configure:11742: checking if libtool supports shared libraries
configure:11744: result: yes
configure:11747: checking whether to build shared libraries
configure:11772: result: yes
configure:11775: checking whether to build static libraries
configure:11779: result: yes
configure:11840: checking for style of include used by make
configure:11868: result: GNU
configure:11900: checking dependency style of gcc
configure:12009: result: gcc3
configure:12082: checking for g++
configure:12098: found /usr/bin/g++
configure:12109: result: g++
configure:12136: checking for C++ compiler version
configure:12145: g++ --version >&5
g++ (Debian 6.3.0-18+deb9u1) 6.3.0 20170516
Copyright (C) 2016 Free Software Foundation, Inc.
This is free software; see the source for copying conditions.  There is NO
warranty; not even for MERCHANTABILITY or FITNESS FOR A PARTICULAR PURPOSE.

configure:12156: $? = 0
configure:12145: g++ -v >&5
Using built-in specs.
COLLECT_GCC=g++
COLLECT_LTO_WRAPPER=/usr/lib/gcc/x86_64-linux-gnu/6/lto-wrapper
Target: x86_64-linux-gnu
Configured with: ../src/configure -v --with-pkgversion='Debian 6.3.0-18+deb9u1' --with-bugurl=file:///usr/share/doc/gcc-6/README.Bugs --enable-languages=c,ada,c++,java,go,d,fortran,objc,obj-c++ --prefix=/usr --program-suffix=-6 --program-prefix=x86_64-linux-gnu- --enable-shared --enable-linker-build-id --libexecdir=/usr/lib --without-included-gettext --enable-threads=posix --libdir=/usr/lib --enable-nls --with-sysroot=/ --enable-clocale=gnu --enable-libstdcxx-debug --enable-libstdcxx-time=yes --with-default-libstdcxx-abi=new --enable-gnu-unique-object --disable-vtable-verify --enable-libmpx --enable-plugin --enable-default-pie --with-system-zlib --disable-browser-plugin --enable-java-awt=gtk --enable-gtk-cairo --with-java-home=/usr/lib/jvm/java-1.5.0-gcj-6-amd64/jre --enable-java-home --with-jvm-root-dir=/usr/lib/jvm/java-1.5.0-gcj-6-amd64 --with-jvm-jar-dir=/usr/lib/jvm-exports/java-1.5.0-gcj-6-amd64 --with-arch-directory=amd64 --with-ecj-jar=/usr/share/java/eclipse-ecj.jar --with-target-system-zlib --enable-objc-gc=auto --enable-multiarch --with-arch-32=i686 --with-abi=m64 --with-multilib-list=m32,m64,mx32 --enable-multilib --with-tune=generic --enable-checking=release --build=x86_64-linux-gnu --host=x86_64-linux-gnu --target=x86_64-linux-gnu
Thread model: posix
gcc version 6.3.0 20170516 (Debian 6.3.0-18+deb9u1) 
configure:12156: $? = 0
configure:12145: g++ -V >&5
g++: error: unrecognized command line option '-V'
g++: fatal error: no input files
compilation terminated.
configure:12156: $? = 1
configure:12145: g++ -qversion >&5
g++: error: unrecognized command line option '-qversion'; did you mean '--version'?
g++: fatal error: no input files
compilation terminated.
configure:12156: $? = 1
configure:12160: checking whether we are using the GNU C++ compiler
configure:12179: g++ -c   conftest.cpp >&5
configure:12179: $? = 0
configure:12188: result: yes
configure:12197: checking whether g++ accepts -g
configure:12217: g++ -c -g  conftest.cpp >&5
configure:12217: $? = 0
configure:12258: result: yes
configure:12299: checking how to run the C++ preprocessor
configure:12326: g++ -E  conftest.cpp
configure:12326: $? = 0
configure:12340: g++ -E  conftest.cpp
conftest.cpp:21:28: fatal error: ac_nonexistent.h: No such file or directory
 #include <ac_nonexistent.h>
                            ^
compilation terminated.
configure:12340: $? = 1
configure: failed program was:
| /* confdefs.h */
| #define PACKAGE_NAME "libde265"
| #define PACKAGE_TARNAME "libde265"
| #define PACKAGE_VERSION "1.0.7"
| #define PACKAGE_STRING "libde265 1.0.7"
| #define PACKAGE_BUGREPORT "farin@struktur.de"
| #define PACKAGE_URL ""
| #define STDC_HEADERS 1
| #define HAVE_SYS_TYPES_H 1
| #define HAVE_SYS_STAT_H 1
| #define HAVE_STDLIB_H 1
| #define HAVE_STRING_H 1
| #define HAVE_MEMORY_H 1
| #define HAVE_STRINGS_H 1
| #define HAVE_INTTYPES_H 1
| #define HAVE_STDINT_H 1
| #define HAVE_UNISTD_H 1
| #define HAVE_DLFCN_H 1
| #define LT_OBJDIR ".libs/"
| /* end confdefs.h.  */
| #include <ac_nonexistent.h>
configure:12365: result: g++ -E
configure:12385: g++ -E  conftest.cpp
configure:12385: $? = 0
configure:12399: g++ -E  conftest.cpp
conftest.cpp:21:28: fatal error: ac_nonexistent.h: No such file or directory
 #include <ac_nonexistent.h>
                            ^
compilation terminated.
configure:12399: $? = 1
configure: failed program was:
| /* confdefs.h */
| #define PACKAGE_NAME "libde265"
| #define PACKAGE_TARNAME "libde265"
| #define PACKAGE_VERSION "1.0.7"
| #define PACKAGE_STRING "libde265 1.0.7"
| #define PACKAGE_BUGREPORT "farin@struktur.de"
| #define PACKAGE_URL ""
| #define STDC_HEADERS 1
| #define HAVE_SYS_TYPES_H 1
| #define HAVE_SYS_STAT_H 1
| #define HAVE_STDLIB_H 1
| #define HAVE_STRING_H 1
| #define HAVE_MEMORY_H 1
| #define HAVE_STRINGS_H 1
| #define HAVE_INTTYPES_H 1
| #define HAVE_STDINT_H 1
| #define HAVE_UNISTD_H 1
| #define HAVE_DLFCN_H 1
| #define LT_OBJDIR ".libs/"
| /* end confdefs.h.  */
| #include <ac_nonexistent.h>
configure:12561: checking for ld used by g++
configure:12628: result: /usr/bin/ld -m elf_x86_64
configure:12635: checking if the linker (/usr/bin/ld -m elf_x86_64) is GNU ld
configure:12650: result: yes
configure:12705: checking whether the g++ linker (/usr/bin/ld -m elf_x86_64) supports shared libraries
configure:13778: result: yes
configure:13814: g++ -c -g -O2  conftest.cpp >&5
configure:13817: $? = 0
configure:14298: checking for g++ option to produce PIC
configure:14305: result: -fPIC -DPIC
configure:14313: checking if g++ PIC flag -fPIC -DPIC works
configure:14331: g++ -c -g -O2  -fPIC -DPIC -DPIC conftest.cpp >&5
configure:14335: $? = 0
configure:14348: result: yes
configure:14371: checking if g++ static flag -static works
configure:14399: result: yes
configure:14411: checking if g++ supports -c -o file.o
configure:14432: g++ -c -g -O2  -o out/conftest2.o conftest.cpp >&5
configure:14436: $? = 0
configure:14458: result: yes
configure:14463: checking if g++ supports -c -o file.o
configure:14510: result: yes
configure:14540: checking whether the g++ linker (/usr/bin/ld -m elf_x86_64) supports shared libraries
configure:14583: result: yes
configure:14724: checking dynamic linker characteristics
configure:15481: result: GNU/Linux ld.so
configure:15546: checking how to hardcode library paths into programs
configure:15571: result: immediate
configure:15659: checking for gcc
configure:15686: result: gcc
configure:15915: checking for C compiler version
configure:15924: gcc --version >&5
gcc (Debian 6.3.0-18+deb9u1) 6.3.0 20170516
Copyright (C) 2016 Free Software Foundation, Inc.
This is free software; see the source for copying conditions.  There is NO
warranty; not even for MERCHANTABILITY or FITNESS FOR A PARTICULAR PURPOSE.

configure:15935: $? = 0
configure:15924: gcc -v >&5
Using built-in specs.
COLLECT_GCC=gcc
COLLECT_LTO_WRAPPER=/usr/lib/gcc/x86_64-linux-gnu/6/lto-wrapper
Target: x86_64-linux-gnu
Configured with: ../src/configure -v --with-pkgversion='Debian 6.3.0-18+deb9u1' --with-bugurl=file:///usr/share/doc/gcc-6/README.Bugs --enable-languages=c,ada,c++,java,go,d,fortran,objc,obj-c++ --prefix=/usr --program-suffix=-6 --program-prefix=x86_64-linux-gnu- --enable-shared --enable-linker-build-id --libexecdir=/usr/lib --without-included-gettext --enable-threads=posix --libdir=/usr/lib --enable-nls --with-sysroot=/ --enable-clocale=gnu --enable-libstdcxx-debug --enable-libstdcxx-time=yes --with-default-libstdcxx-abi=new --enable-gnu-unique-object --disable-vtable-verify --enable-libmpx --enable-plugin --enable-default-pie --with-system-zlib --disable-browser-plugin --enable-java-awt=gtk --enable-gtk-cairo --with-java-home=/usr/lib/jvm/java-1.5.0-gcj-6-amd64/jre --enable-java-home --with-jvm-root-dir=/usr/lib/jvm/java-1.5.0-gcj-6-amd64 --with-jvm-jar-dir=/usr/lib/jvm-exports/java-1.5.0-gcj-6-amd64 --with-arch-directory=amd64 --with-ecj-jar=/usr/share/java/eclipse-ecj.jar --with-target-system-zlib --enable-objc-gc=auto --enable-multiarch --with-arch-32=i686 --with-abi=m64 --with-multilib-list=m32,m64,mx32 --enable-multilib --with-tune=generic --enable-checking=release --build=x86_64-linux-gnu --host=x86_64-linux-gnu --target=x86_64-linux-gnu
Thread model: posix
gcc version 6.3.0 20170516 (Debian 6.3.0-18+deb9u1) 
configure:15935: $? = 0
configure:15924: gcc -V >&5
gcc: error: unrecognized command line option '-V'
gcc: fatal error: no input files
compilation terminated.
configure:15935: $? = 1
configure:15924: gcc -qversion >&5
gcc: error: unrecognized command line option '-qversion'; did you mean '--version'?
gcc: fatal error: no input files
compilation terminated.
configure:15935: $? = 1
configure:15939: checking whether we are using the GNU C compiler
configure:15967: result: yes
configure:15976: checking whether gcc accepts -g
configure:16037: result: yes
configure:16054: checking for gcc option to accept ISO C89
configure:16130: result: none needed
configure:16155: checking whether gcc understands -c and -o together
configure:16192: result: yes
configure:16223: checking for a BSD-compatible install
configure:16291: result: /usr/bin/install -c
configure:16302: checking whether ln -s works
configure:16306: result: yes
configure:16313: checking for grep that handles long lines and -e
configure:16371: result: /bin/grep
configure:16380: checking whether build environment is sane
configure:16435: result: yes
configure:16583: checking for a thread-safe mkdir -p
configure:16622: result: /bin/mkdir -p
configure:16625: checking whether make sets $(MAKE)
configure:16647: result: yes
configure:16667: checking whether make supports nested variables
configure:16684: result: yes
configure:16769: checking dependency style of gcc
configure:16880: result: gcc3
configure:16897: checking dependency style of g++
configure:17008: result: gcc3
configure:17076: checking whether g++ supports C++11 features by default
configure:17110: g++ -c -g -O2 -Werror=return-type -Werror=unused-result -Werror=reorder  conftest.cpp >&5
configure:17110: $? = 0
configure:17117: result: yes
configure:17285: checking for stdint.h
configure:17285: result: yes
configure:17285: checking for stdlib.h
configure:17285: result: yes
configure:17285: checking for string.h
configure:17285: result: yes
configure:17285: checking malloc.h usability
configure:17285: gcc -c -g -O2 -std=c99 -Wall  conftest.c >&5
configure:17285: $? = 0
configure:17285: result: yes
configure:17285: checking malloc.h presence
configure:17285: gcc -E  conftest.c
configure:17285: $? = 0
configure:17285: result: yes
configure:17285: checking for malloc.h
configure:17285: result: yes
configure:17285: checking signal.h usability
configure:17285: gcc -c -g -O2 -std=c99 -Wall  conftest.c >&5
configure:17285: $? = 0
configure:17285: result: yes
configure:17285: checking signal.h presence
configure:17285: gcc -E  conftest.c
configure:17285: $? = 0
configure:17285: result: yes
configure:17285: checking for signal.h
configure:17285: result: yes
configure:17285: checking setjmp.h usability
configure:17285: gcc -c -g -O2 -std=c99 -Wall  conftest.c >&5
configure:17285: $? = 0
configure:17285: result: yes
configure:17285: checking setjmp.h presence
configure:17285: gcc -E  conftest.c
configure:17285: $? = 0
configure:17285: result: yes
configure:17285: checking for setjmp.h
configure:17285: result: yes
configure:17285: checking stddef.h usability
configure:17285: gcc -c -g -O2 -std=c99 -Wall  conftest.c >&5
configure:17285: $? = 0
configure:17285: result: yes
configure:17285: checking stddef.h presence
configure:17285: gcc -E  conftest.c
configure:17285: $? = 0
configure:17285: result: yes
configure:17285: checking for stddef.h
configure:17285: result: yes
configure:17285: checking sys/time.h usability
configure:17285: gcc -c -g -O2 -std=c99 -Wall  conftest.c >&5
configure:17285: $? = 0
configure:17285: result: yes
configure:17285: checking sys/time.h presence
configure:17285: gcc -E  conftest.c
configure:17285: $? = 0
configure:17285: result: yes
configure:17285: checking for sys/time.h
configure:17285: result: yes
configure:17307: checking cstdint usability
configure:17307: g++ -c -g -O2 -Werror=return-type -Werror=unused-result -Werror=reorder -g -O2 -Werror=return-type -Werror=unused-result -Werror=reorder conftest.cpp >&5
configure:17307: $? = 0
configure:17307: result: yes
configure:17307: checking cstdint presence
configure:17307: g++ -E -g -O2 -Werror=return-type -Werror=unused-result -Werror=reorder conftest.cpp
configure:17307: $? = 0
configure:17307: result: yes
configure:17307: checking for cstdint
configure:17307: result: yes
configure:17326: checking for stdbool.h that conforms to C99
configure:17393: gcc -c -g -O2 -std=c99 -Wall  conftest.c >&5
conftest.c: In function 'main':
conftest.c:81:14: warning: the address of 's' will always evaluate as 'true' [-Waddress]
              bool e = &s;
              ^~~~
conftest.c:85:22: warning: the address of 'a' will always evaluate as 'true' [-Waddress]
              return (!a + !b + !c + !d + !e + !f + !g + !h + !i + !!j + !k + !!l
                      ^
conftest.c:85:27: warning: the address of 'b' will always evaluate as 'true' [-Waddress]
              return (!a + !b + !c + !d + !e + !f + !g + !h + !i + !!j + !k + !!l
                           ^
conftest.c:85:32: warning: the address of 'c' will always evaluate as 'true' [-Waddress]
              return (!a + !b + !c + !d + !e + !f + !g + !h + !i + !!j + !k + !!l
                                ^
conftest.c:85:37: warning: the address of 'd' will always evaluate as 'true' [-Waddress]
              return (!a + !b + !c + !d + !e + !f + !g + !h + !i + !!j + !k + !!l
                                     ^
conftest.c:85:47: warning: the address of 'f' will always evaluate as 'true' [-Waddress]
              return (!a + !b + !c + !d + !e + !f + !g + !h + !i + !!j + !k + !!l
                                               ^
conftest.c:85:52: warning: the address of 'g' will always evaluate as 'true' [-Waddress]
              return (!a + !b + !c + !d + !e + !f + !g + !h + !i + !!j + !k + !!l
                                                    ^
conftest.c:85:57: warning: the address of 'h' will always evaluate as 'true' [-Waddress]
              return (!a + !b + !c + !d + !e + !f + !g + !h + !i + !!j + !k + !!l
                                                         ^
conftest.c:85:62: warning: the address of 'i' will always evaluate as 'true' [-Waddress]
              return (!a + !b + !c + !d + !e + !f + !g + !h + !i + !!j + !k + !!l
                                                              ^
conftest.c:86:29: warning: the address of 'n' will always evaluate as 'true' [-Waddress]
                             ^
conftest.c:86:34: warning: the address of 'o' will always evaluate as 'true' [-Waddress]
                                  ^
conftest.c:86:39: warning: the address of 'p' will always evaluate as 'true' [-Waddress]
                                       ^
configure:17393: $? = 0
configure:17400: result: yes
configure:17402: checking for _Bool
configure:17402: gcc -c -g -O2 -std=c99 -Wall  conftest.c >&5
configure:17402: $? = 0
configure:17402: gcc -c -g -O2 -std=c99 -Wall  conftest.c >&5
conftest.c: In function 'main':
conftest.c:68:20: error: expected expression before ')' token
 if (sizeof ((_Bool)))
                    ^
configure:17402: $? = 1
configure: failed program was:
| /* confdefs.h */
| #define PACKAGE_NAME "libde265"
| #define PACKAGE_TARNAME "libde265"
| #define PACKAGE_VERSION "1.0.7"
| #define PACKAGE_STRING "libde265 1.0.7"
| #define PACKAGE_BUGREPORT "farin@struktur.de"
| #define PACKAGE_URL ""
| #define STDC_HEADERS 1
| #define HAVE_SYS_TYPES_H 1
| #define HAVE_SYS_STAT_H 1
| #define HAVE_STDLIB_H 1
| #define HAVE_STRING_H 1
| #define HAVE_MEMORY_H 1
| #define HAVE_STRINGS_H 1
| #define HAVE_INTTYPES_H 1
| #define HAVE_STDINT_H 1
| #define HAVE_UNISTD_H 1
| #define HAVE_DLFCN_H 1
| #define LT_OBJDIR ".libs/"
| #define PACKAGE "libde265"
| #define VERSION "1.0.7"
| #define HAVE_STDINT_H 1
| #define HAVE_STDLIB_H 1
| #define HAVE_STRING_H 1
| #define HAVE_MALLOC_H 1
| #define HAVE_SIGNAL_H 1
| #define HAVE_SETJMP_H 1
| #define HAVE_STDDEF_H 1
| #define HAVE_SYS_TIME_H 1
| #define HAVE_CSTDINT 1
| /* end confdefs.h.  */
| #include <stdio.h>
| #ifdef HAVE_SYS_TYPES_H
| # include <sys/types.h>
| #endif
| #ifdef HAVE_SYS_STAT_H
| # include <sys/stat.h>
| #endif
| #ifdef STDC_HEADERS
| # include <stdlib.h>
| # include <stddef.h>
| #else
| # ifdef HAVE_STDLIB_H
| #  include <stdlib.h>
| # endif
| #endif
| #ifdef HAVE_STRING_H
| # if !defined STDC_HEADERS && defined HAVE_MEMORY_H
| #  include <memory.h>
| # endif
| # include <string.h>
| #endif
| #ifdef HAVE_STRINGS_H
| # include <strings.h>
| #endif
| #ifdef HAVE_INTTYPES_H
| # include <inttypes.h>
| #endif
| #ifdef HAVE_STDINT_H
| # include <stdint.h>
| #endif
| #ifdef HAVE_UNISTD_H
| # include <unistd.h>
| #endif
| int
| main ()
| {
| if (sizeof ((_Bool)))
| 	    return 0;
|   ;
|   return 0;
| }
configure:17402: result: yes
configure:17419: checking for size_t
configure:17419: gcc -c -g -O2 -std=c99 -Wall  conftest.c >&5
configure:17419: $? = 0
configure:17419: gcc -c -g -O2 -std=c99 -Wall  conftest.c >&5
conftest.c: In function 'main':
conftest.c:70:21: error: expected expression before ')' token
 if (sizeof ((size_t)))
                     ^
configure:17419: $? = 1
configure: failed program was:
| /* confdefs.h */
| #define PACKAGE_NAME "libde265"
| #define PACKAGE_TARNAME "libde265"
| #define PACKAGE_VERSION "1.0.7"
| #define PACKAGE_STRING "libde265 1.0.7"
| #define PACKAGE_BUGREPORT "farin@struktur.de"
| #define PACKAGE_URL ""
| #define STDC_HEADERS 1
| #define HAVE_SYS_TYPES_H 1
| #define HAVE_SYS_STAT_H 1
| #define HAVE_STDLIB_H 1
| #define HAVE_STRING_H 1
| #define HAVE_MEMORY_H 1
| #define HAVE_STRINGS_H 1
| #define HAVE_INTTYPES_H 1
| #define HAVE_STDINT_H 1
| #define HAVE_UNISTD_H 1
| #define HAVE_DLFCN_H 1
| #define LT_OBJDIR ".libs/"
| #define PACKAGE "libde265"
| #define VERSION "1.0.7"
| #define HAVE_STDINT_H 1
| #define HAVE_STDLIB_H 1
| #define HAVE_STRING_H 1
| #define HAVE_MALLOC_H 1
| #define HAVE_SIGNAL_H 1
| #define HAVE_SETJMP_H 1
| #define HAVE_STDDEF_H 1
| #define HAVE_SYS_TIME_H 1
| #define HAVE_CSTDINT 1
| #define HAVE__BOOL 1
| #define HAVE_STDBOOL_H 1
| /* end confdefs.h.  */
| #include <stdio.h>
| #ifdef HAVE_SYS_TYPES_H
| # include <sys/types.h>
| #endif
| #ifdef HAVE_SYS_STAT_H
| # include <sys/stat.h>
| #endif
| #ifdef STDC_HEADERS
| # include <stdlib.h>
| # include <stddef.h>
| #else
| # ifdef HAVE_STDLIB_H
| #  include <stdlib.h>
| # endif
| #endif
| #ifdef HAVE_STRING_H
| # if !defined STDC_HEADERS && defined HAVE_MEMORY_H
| #  include <memory.h>
| # endif
| # include <string.h>
| #endif
| #ifdef HAVE_STRINGS_H
| # include <strings.h>
| #endif
| #ifdef HAVE_INTTYPES_H
| # include <inttypes.h>
| #endif
| #ifdef HAVE_STDINT_H
| # include <stdint.h>
| #endif
| #ifdef HAVE_UNISTD_H
| # include <unistd.h>
| #endif
| int
| main ()
| {
| if (sizeof ((size_t)))
| 	    return 0;
|   ;
|   return 0;
| }
configure:17419: result: yes
configure:17430: checking for int8_t
configure:17430: gcc -c -g -O2 -std=c99 -Wall  conftest.c >&5
configure:17430: $? = 0
configure:17430: gcc -c -g -O2 -std=c99 -Wall  conftest.c >&5
conftest.c: In function 'main':
conftest.c:71:12: error: size of array 'test_array' is negative
 static int test_array [1 - 2 * !((int8_t) (((((int8_t) 1 << N) << N) - 1) * 2 + 1)
            ^~~~~~~~~~
configure:17430: $? = 1
configure: failed program was:
| /* confdefs.h */
| #define PACKAGE_NAME "libde265"
| #define PACKAGE_TARNAME "libde265"
| #define PACKAGE_VERSION "1.0.7"
| #define PACKAGE_STRING "libde265 1.0.7"
| #define PACKAGE_BUGREPORT "farin@struktur.de"
| #define PACKAGE_URL ""
| #define STDC_HEADERS 1
| #define HAVE_SYS_TYPES_H 1
| #define HAVE_SYS_STAT_H 1
| #define HAVE_STDLIB_H 1
| #define HAVE_STRING_H 1
| #define HAVE_MEMORY_H 1
| #define HAVE_STRINGS_H 1
| #define HAVE_INTTYPES_H 1
| #define HAVE_STDINT_H 1
| #define HAVE_UNISTD_H 1
| #define HAVE_DLFCN_H 1
| #define LT_OBJDIR ".libs/"
| #define PACKAGE "libde265"
| #define VERSION "1.0.7"
| #define HAVE_STDINT_H 1
| #define HAVE_STDLIB_H 1
| #define HAVE_STRING_H 1
| #define HAVE_MALLOC_H 1
| #define HAVE_SIGNAL_H 1
| #define HAVE_SETJMP_H 1
| #define HAVE_STDDEF_H 1
| #define HAVE_SYS_TIME_H 1
| #define HAVE_CSTDINT 1
| #define HAVE__BOOL 1
| #define HAVE_STDBOOL_H 1
| /* end confdefs.h.  */
| #include <stdio.h>
| #ifdef HAVE_SYS_TYPES_H
| # include <sys/types.h>
| #endif
| #ifdef HAVE_SYS_STAT_H
| # include <sys/stat.h>
| #endif
| #ifdef STDC_HEADERS
| # include <stdlib.h>
| # include <stddef.h>
| #else
| # ifdef HAVE_STDLIB_H
| #  include <stdlib.h>
| # endif
| #endif
| #ifdef HAVE_STRING_H
| # if !defined STDC_HEADERS && defined HAVE_MEMORY_H
| #  include <memory.h>
| # endif
| # include <string.h>
| #endif
| #ifdef HAVE_STRINGS_H
| # include <strings.h>
| #endif
| #ifdef HAVE_INTTYPES_H
| # include <inttypes.h>
| #endif
| #ifdef HAVE_STDINT_H
| # include <stdint.h>
| #endif
| #ifdef HAVE_UNISTD_H
| # include <unistd.h>
| #endif
| 	        enum { N = 8 / 2 - 1 };
| int
| main ()
| {
| static int test_array [1 - 2 * !((int8_t) (((((int8_t) 1 << N) << N) - 1) * 2 + 1)
| 		 < (int8_t) (((((int8_t) 1 << N) << N) - 1) * 2 + 2))];
| test_array [0] = 0;
| return test_array [0];
| 
|   ;
|   return 0;
| }
configure:17430: result: yes
configure:17441: checking for int16_t
configure:17441: gcc -c -g -O2 -std=c99 -Wall  conftest.c >&5
configure:17441: $? = 0
configure:17441: gcc -c -g -O2 -std=c99 -Wall  conftest.c >&5
conftest.c: In function 'main':
conftest.c:71:12: error: size of array 'test_array' is negative
 static int test_array [1 - 2 * !((int16_t) (((((int16_t) 1 << N) << N) - 1) * 2 + 1)
            ^~~~~~~~~~
configure:17441: $? = 1
configure: failed program was:
| /* confdefs.h */
| #define PACKAGE_NAME "libde265"
| #define PACKAGE_TARNAME "libde265"
| #define PACKAGE_VERSION "1.0.7"
| #define PACKAGE_STRING "libde265 1.0.7"
| #define PACKAGE_BUGREPORT "farin@struktur.de"
| #define PACKAGE_URL ""
| #define STDC_HEADERS 1
| #define HAVE_SYS_TYPES_H 1
| #define HAVE_SYS_STAT_H 1
| #define HAVE_STDLIB_H 1
| #define HAVE_STRING_H 1
| #define HAVE_MEMORY_H 1
| #define HAVE_STRINGS_H 1
| #define HAVE_INTTYPES_H 1
| #define HAVE_STDINT_H 1
| #define HAVE_UNISTD_H 1
| #define HAVE_DLFCN_H 1
| #define LT_OBJDIR ".libs/"
| #define PACKAGE "libde265"
| #define VERSION "1.0.7"
| #define HAVE_STDINT_H 1
| #define HAVE_STDLIB_H 1
| #define HAVE_STRING_H 1
| #define HAVE_MALLOC_H 1
| #define HAVE_SIGNAL_H 1
| #define HAVE_SETJMP_H 1
| #define HAVE_STDDEF_H 1
| #define HAVE_SYS_TIME_H 1
| #define HAVE_CSTDINT 1
| #define HAVE__BOOL 1
| #define HAVE_STDBOOL_H 1
| /* end confdefs.h.  */
| #include <stdio.h>
| #ifdef HAVE_SYS_TYPES_H
| # include <sys/types.h>
| #endif
| #ifdef HAVE_SYS_STAT_H
| # include <sys/stat.h>
| #endif
| #ifdef STDC_HEADERS
| # include <stdlib.h>
| # include <stddef.h>
| #else
| # ifdef HAVE_STDLIB_H
| #  include <stdlib.h>
| # endif
| #endif
| #ifdef HAVE_STRING_H
| # if !defined STDC_HEADERS && defined HAVE_MEMORY_H
| #  include <memory.h>
| # endif
| # include <string.h>
| #endif
| #ifdef HAVE_STRINGS_H
| # include <strings.h>
| #endif
| #ifdef HAVE_INTTYPES_H
| # include <inttypes.h>
| #endif
| #ifdef HAVE_STDINT_H
| # include <stdint.h>
| #endif
| #ifdef HAVE_UNISTD_H
| # include <unistd.h>
| #endif
| 	        enum { N = 16 / 2 - 1 };
| int
| main ()
| {
| static int test_array [1 - 2 * !((int16_t) (((((int16_t) 1 << N) << N) - 1) * 2 + 1)
| 		 < (int16_t) (((((int16_t) 1 << N) << N) - 1) * 2 + 2))];
| test_array [0] = 0;
| return test_array [0];
| 
|   ;
|   return 0;
| }
configure:17441: result: yes
configure:17452: checking for int32_t
configure:17452: gcc -c -g -O2 -std=c99 -Wall  conftest.c >&5
configure:17452: $? = 0
configure:17452: gcc -c -g -O2 -std=c99 -Wall  conftest.c >&5
conftest.c: In function 'main':
conftest.c:72:53: warning: integer overflow in expression [-Woverflow]
    < (int32_t) (((((int32_t) 1 << N) << N) - 1) * 2 + 2))];
                                                     ^
conftest.c:71:12: error: storage size of 'test_array' isn't constant
 static int test_array [1 - 2 * !((int32_t) (((((int32_t) 1 << N) << N) - 1) * 2 + 1)
            ^~~~~~~~~~
conftest.c:71:12: warning: unused variable 'test_array' [-Wunused-variable]
configure:17452: $? = 1
configure: failed program was:
| /* confdefs.h */
| #define PACKAGE_NAME "libde265"
| #define PACKAGE_TARNAME "libde265"
| #define PACKAGE_VERSION "1.0.7"
| #define PACKAGE_STRING "libde265 1.0.7"
| #define PACKAGE_BUGREPORT "farin@struktur.de"
| #define PACKAGE_URL ""
| #define STDC_HEADERS 1
| #define HAVE_SYS_TYPES_H 1
| #define HAVE_SYS_STAT_H 1
| #define HAVE_STDLIB_H 1
| #define HAVE_STRING_H 1
| #define HAVE_MEMORY_H 1
| #define HAVE_STRINGS_H 1
| #define HAVE_INTTYPES_H 1
| #define HAVE_STDINT_H 1
| #define HAVE_UNISTD_H 1
| #define HAVE_DLFCN_H 1
| #define LT_OBJDIR ".libs/"
| #define PACKAGE "libde265"
| #define VERSION "1.0.7"
| #define HAVE_STDINT_H 1
| #define HAVE_STDLIB_H 1
| #define HAVE_STRING_H 1
| #define HAVE_MALLOC_H 1
| #define HAVE_SIGNAL_H 1
| #define HAVE_SETJMP_H 1
| #define HAVE_STDDEF_H 1
| #define HAVE_SYS_TIME_H 1
| #define HAVE_CSTDINT 1
| #define HAVE__BOOL 1
| #define HAVE_STDBOOL_H 1
| /* end confdefs.h.  */
| #include <stdio.h>
| #ifdef HAVE_SYS_TYPES_H
| # include <sys/types.h>
| #endif
| #ifdef HAVE_SYS_STAT_H
| # include <sys/stat.h>
| #endif
| #ifdef STDC_HEADERS
| # include <stdlib.h>
| # include <stddef.h>
| #else
| # ifdef HAVE_STDLIB_H
| #  include <stdlib.h>
| # endif
| #endif
| #ifdef HAVE_STRING_H
| # if !defined STDC_HEADERS && defined HAVE_MEMORY_H
| #  include <memory.h>
| # endif
| # include <string.h>
| #endif
| #ifdef HAVE_STRINGS_H
| # include <strings.h>
| #endif
| #ifdef HAVE_INTTYPES_H
| # include <inttypes.h>
| #endif
| #ifdef HAVE_STDINT_H
| # include <stdint.h>
| #endif
| #ifdef HAVE_UNISTD_H
| # include <unistd.h>
| #endif
| 	        enum { N = 32 / 2 - 1 };
| int
| main ()
| {
| static int test_array [1 - 2 * !((int32_t) (((((int32_t) 1 << N) << N) - 1) * 2 + 1)
| 		 < (int32_t) (((((int32_t) 1 << N) << N) - 1) * 2 + 2))];
| test_array [0] = 0;
| return test_array [0];
| 
|   ;
|   return 0;
| }
configure:17452: result: yes
configure:17463: checking for int64_t
configure:17463: gcc -c -g -O2 -std=c99 -Wall  conftest.c >&5
configure:17463: $? = 0
configure:17463: gcc -c -g -O2 -std=c99 -Wall  conftest.c >&5
conftest.c: In function 'main':
conftest.c:72:53: warning: integer overflow in expression [-Woverflow]
    < (int64_t) (((((int64_t) 1 << N) << N) - 1) * 2 + 2))];
                                                     ^
conftest.c:71:12: error: storage size of 'test_array' isn't constant
 static int test_array [1 - 2 * !((int64_t) (((((int64_t) 1 << N) << N) - 1) * 2 + 1)
            ^~~~~~~~~~
conftest.c:71:12: warning: unused variable 'test_array' [-Wunused-variable]
configure:17463: $? = 1
configure: failed program was:
| /* confdefs.h */
| #define PACKAGE_NAME "libde265"
| #define PACKAGE_TARNAME "libde265"
| #define PACKAGE_VERSION "1.0.7"
| #define PACKAGE_STRING "libde265 1.0.7"
| #define PACKAGE_BUGREPORT "farin@struktur.de"
| #define PACKAGE_URL ""
| #define STDC_HEADERS 1
| #define HAVE_SYS_TYPES_H 1
| #define HAVE_SYS_STAT_H 1
| #define HAVE_STDLIB_H 1
| #define HAVE_STRING_H 1
| #define HAVE_MEMORY_H 1
| #define HAVE_STRINGS_H 1
| #define HAVE_INTTYPES_H 1
| #define HAVE_STDINT_H 1
| #define HAVE_UNISTD_H 1
| #define HAVE_DLFCN_H 1
| #define LT_OBJDIR ".libs/"
| #define PACKAGE "libde265"
| #define VERSION "1.0.7"
| #define HAVE_STDINT_H 1
| #define HAVE_STDLIB_H 1
| #define HAVE_STRING_H 1
| #define HAVE_MALLOC_H 1
| #define HAVE_SIGNAL_H 1
| #define HAVE_SETJMP_H 1
| #define HAVE_STDDEF_H 1
| #define HAVE_SYS_TIME_H 1
| #define HAVE_CSTDINT 1
| #define HAVE__BOOL 1
| #define HAVE_STDBOOL_H 1
| /* end confdefs.h.  */
| #include <stdio.h>
| #ifdef HAVE_SYS_TYPES_H
| # include <sys/types.h>
| #endif
| #ifdef HAVE_SYS_STAT_H
| # include <sys/stat.h>
| #endif
| #ifdef STDC_HEADERS
| # include <stdlib.h>
| # include <stddef.h>
| #else
| # ifdef HAVE_STDLIB_H
| #  include <stdlib.h>
| # endif
| #endif
| #ifdef HAVE_STRING_H
| # if !defined STDC_HEADERS && defined HAVE_MEMORY_H
| #  include <memory.h>
| # endif
| # include <string.h>
| #endif
| #ifdef HAVE_STRINGS_H
| # include <strings.h>
| #endif
| #ifdef HAVE_INTTYPES_H
| # include <inttypes.h>
| #endif
| #ifdef HAVE_STDINT_H
| # include <stdint.h>
| #endif
| #ifdef HAVE_UNISTD_H
| # include <unistd.h>
| #endif
| 	        enum { N = 64 / 2 - 1 };
| int
| main ()
| {
| static int test_array [1 - 2 * !((int64_t) (((((int64_t) 1 << N) << N) - 1) * 2 + 1)
| 		 < (int64_t) (((((int64_t) 1 << N) << N) - 1) * 2 + 2))];
| test_array [0] = 0;
| return test_array [0];
| 
|   ;
|   return 0;
| }
configure:17463: result: yes
configure:17474: checking for uint8_t
configure:17474: gcc -c -g -O2 -std=c99 -Wall  conftest.c >&5
configure:17474: $? = 0
configure:17474: result: yes
configure:17488: checking for uint16_t
configure:17488: gcc -c -g -O2 -std=c99 -Wall  conftest.c >&5
configure:17488: $? = 0
configure:17488: result: yes
configure:17500: checking for uint32_t
configure:17500: gcc -c -g -O2 -std=c99 -Wall  conftest.c >&5
configure:17500: $? = 0
configure:17500: result: yes
configure:17514: checking for uint64_t
configure:17514: gcc -c -g -O2 -std=c99 -Wall  conftest.c >&5
configure:17514: $? = 0
configure:17514: result: yes
configure:17528: checking for ptrdiff_t
configure:17528: gcc -c -g -O2 -std=c99 -Wall  conftest.c >&5
configure:17528: $? = 0
configure:17528: gcc -c -g -O2 -std=c99 -Wall  conftest.c >&5
conftest.c: In function 'main':
conftest.c:70:24: error: expected expression before ')' token
 if (sizeof ((ptrdiff_t)))
                        ^
configure:17528: $? = 1
configure: failed program was:
| /* confdefs.h */
| #define PACKAGE_NAME "libde265"
| #define PACKAGE_TARNAME "libde265"
| #define PACKAGE_VERSION "1.0.7"
| #define PACKAGE_STRING "libde265 1.0.7"
| #define PACKAGE_BUGREPORT "farin@struktur.de"
| #define PACKAGE_URL ""
| #define STDC_HEADERS 1
| #define HAVE_SYS_TYPES_H 1
| #define HAVE_SYS_STAT_H 1
| #define HAVE_STDLIB_H 1
| #define HAVE_STRING_H 1
| #define HAVE_MEMORY_H 1
| #define HAVE_STRINGS_H 1
| #define HAVE_INTTYPES_H 1
| #define HAVE_STDINT_H 1
| #define HAVE_UNISTD_H 1
| #define HAVE_DLFCN_H 1
| #define LT_OBJDIR ".libs/"
| #define PACKAGE "libde265"
| #define VERSION "1.0.7"
| #define HAVE_STDINT_H 1
| #define HAVE_STDLIB_H 1
| #define HAVE_STRING_H 1
| #define HAVE_MALLOC_H 1
| #define HAVE_SIGNAL_H 1
| #define HAVE_SETJMP_H 1
| #define HAVE_STDDEF_H 1
| #define HAVE_SYS_TIME_H 1
| #define HAVE_CSTDINT 1
| #define HAVE__BOOL 1
| #define HAVE_STDBOOL_H 1
| /* end confdefs.h.  */
| #include <stdio.h>
| #ifdef HAVE_SYS_TYPES_H
| # include <sys/types.h>
| #endif
| #ifdef HAVE_SYS_STAT_H
| # include <sys/stat.h>
| #endif
| #ifdef STDC_HEADERS
| # include <stdlib.h>
| # include <stddef.h>
| #else
| # ifdef HAVE_STDLIB_H
| #  include <stdlib.h>
| # endif
| #endif
| #ifdef HAVE_STRING_H
| # if !defined STDC_HEADERS && defined HAVE_MEMORY_H
| #  include <memory.h>
| # endif
| # include <string.h>
| #endif
| #ifdef HAVE_STRINGS_H
| # include <strings.h>
| #endif
| #ifdef HAVE_INTTYPES_H
| # include <inttypes.h>
| #endif
| #ifdef HAVE_STDINT_H
| # include <stdint.h>
| #endif
| #ifdef HAVE_UNISTD_H
| # include <unistd.h>
| #endif
| int
| main ()
| {
| if (sizeof ((ptrdiff_t)))
| 	    return 0;
|   ;
|   return 0;
| }
configure:17528: result: yes
configure:17538: checking for inline
configure:17554: gcc -c -g -O2 -std=c99 -Wall  conftest.c >&5
configure:17554: $? = 0
configure:17562: result: inline
configure:17585: checking for malloc
configure:17585: gcc -o conftest -g -O2 -std=c99 -Wall   conftest.c  >&5
conftest.c:58:6: warning: conflicting types for built-in function 'malloc'
 char malloc ();
      ^~~~~~
configure:17585: $? = 0
configure:17585: result: yes
configure:17585: checking for memmove
configure:17585: gcc -o conftest -g -O2 -std=c99 -Wall   conftest.c  >&5
conftest.c:59:6: warning: conflicting types for built-in function 'memmove'
 char memmove ();
      ^~~~~~~
configure:17585: $? = 0
configure:17585: result: yes
configure:17585: checking for memset
configure:17585: gcc -o conftest -g -O2 -std=c99 -Wall   conftest.c  >&5
conftest.c:60:6: warning: conflicting types for built-in function 'memset'
 char memset ();
      ^~~~~~
configure:17585: $? = 0
configure:17585: result: yes
configure:17585: checking for __malloc_hook
configure:17585: gcc -o conftest -g -O2 -std=c99 -Wall   conftest.c  >&5
configure:17585: $? = 0
configure:17585: result: yes
configure:17585: checking for memalign
configure:17585: gcc -o conftest -g -O2 -std=c99 -Wall   conftest.c  >&5
configure:17585: $? = 0
configure:17585: result: yes
configure:17585: checking for posix_memalign
configure:17585: gcc -o conftest -g -O2 -std=c99 -Wall   conftest.c  >&5
configure:17585: $? = 0
configure:17585: result: yes
configure:17585: checking for __mingw_aligned_malloc
configure:17585: gcc -o conftest -g -O2 -std=c99 -Wall   conftest.c  >&5
/tmp/ccFgc9Tx.o: In function `main':
/usr/src/libde265/conftest.c:75: undefined reference to `__mingw_aligned_malloc'
collect2: error: ld returned 1 exit status
configure:17585: $? = 1
configure: failed program was:
| /* confdefs.h */
| #define PACKAGE_NAME "libde265"
| #define PACKAGE_TARNAME "libde265"
| #define PACKAGE_VERSION "1.0.7"
| #define PACKAGE_STRING "libde265 1.0.7"
| #define PACKAGE_BUGREPORT "farin@struktur.de"
| #define PACKAGE_URL ""
| #define STDC_HEADERS 1
| #define HAVE_SYS_TYPES_H 1
| #define HAVE_SYS_STAT_H 1
| #define HAVE_STDLIB_H 1
| #define HAVE_STRING_H 1
| #define HAVE_MEMORY_H 1
| #define HAVE_STRINGS_H 1
| #define HAVE_INTTYPES_H 1
| #define HAVE_STDINT_H 1
| #define HAVE_UNISTD_H 1
| #define HAVE_DLFCN_H 1
| #define LT_OBJDIR ".libs/"
| #define PACKAGE "libde265"
| #define VERSION "1.0.7"
| #define HAVE_STDINT_H 1
| #define HAVE_STDLIB_H 1
| #define HAVE_STRING_H 1
| #define HAVE_MALLOC_H 1
| #define HAVE_SIGNAL_H 1
| #define HAVE_SETJMP_H 1
| #define HAVE_STDDEF_H 1
| #define HAVE_SYS_TIME_H 1
| #define HAVE_CSTDINT 1
| #define HAVE__BOOL 1
| #define HAVE_STDBOOL_H 1
| #define HAVE_PTRDIFF_T 1
| #define HAVE_MALLOC 1
| #define HAVE_MEMMOVE 1
| #define HAVE_MEMSET 1
| #define HAVE___MALLOC_HOOK 1
| #define HAVE_MEMALIGN 1
| #define HAVE_POSIX_MEMALIGN 1
| /* end confdefs.h.  */
| /* Define __mingw_aligned_malloc to an innocuous variant, in case <limits.h> declares __mingw_aligned_malloc.
|    For example, HP-UX 11i <limits.h> declares gettimeofday.  */
| #define __mingw_aligned_malloc innocuous___mingw_aligned_malloc
| 
| /* System header to define __stub macros and hopefully few prototypes,
|     which can conflict with char __mingw_aligned_malloc (); below.
|     Prefer <limits.h> to <assert.h> if __STDC__ is defined, since
|     <limits.h> exists even on freestanding compilers.  */
| 
| #ifdef __STDC__
| # include <limits.h>
| #else
| # include <assert.h>
| #endif
| 
| #undef __mingw_aligned_malloc
| 
| /* Override any GCC internal prototype to avoid an error.
|    Use char because int might match the return type of a GCC
|    builtin and then its argument prototype would still apply.  */
| #ifdef __cplusplus
| extern "C"
| #endif
| char __mingw_aligned_malloc ();
| /* The GNU C library defines this for functions which it implements
|     to always fail with ENOSYS.  Some functions are actually named
|     something starting with __ and the normal name is an alias.  */
| #if defined __stub___mingw_aligned_malloc || defined __stub_____mingw_aligned_malloc
| choke me
| #endif
| 
| int
| main ()
| {
| return __mingw_aligned_malloc ();
|   ;
|   return 0;
| }
configure:17585: result: no
configure:17585: checking for __mingw_aligned_free
configure:17585: gcc -o conftest -g -O2 -std=c99 -Wall   conftest.c  >&5
/tmp/ccKnDkdE.o: In function `main':
/usr/src/libde265/conftest.c:75: undefined reference to `__mingw_aligned_free'
collect2: error: ld returned 1 exit status
configure:17585: $? = 1
configure: failed program was:
| /* confdefs.h */
| #define PACKAGE_NAME "libde265"
| #define PACKAGE_TARNAME "libde265"
| #define PACKAGE_VERSION "1.0.7"
| #define PACKAGE_STRING "libde265 1.0.7"
| #define PACKAGE_BUGREPORT "farin@struktur.de"
| #define PACKAGE_URL ""
| #define STDC_HEADERS 1
| #define HAVE_SYS_TYPES_H 1
| #define HAVE_SYS_STAT_H 1
| #define HAVE_STDLIB_H 1
| #define HAVE_STRING_H 1
| #define HAVE_MEMORY_H 1
| #define HAVE_STRINGS_H 1
| #define HAVE_INTTYPES_H 1
| #define HAVE_STDINT_H 1
| #define HAVE_UNISTD_H 1
| #define HAVE_DLFCN_H 1
| #define LT_OBJDIR ".libs/"
| #define PACKAGE "libde265"
| #define VERSION "1.0.7"
| #define HAVE_STDINT_H 1
| #define HAVE_STDLIB_H 1
| #define HAVE_STRING_H 1
| #define HAVE_MALLOC_H 1
| #define HAVE_SIGNAL_H 1
| #define HAVE_SETJMP_H 1
| #define HAVE_STDDEF_H 1
| #define HAVE_SYS_TIME_H 1
| #define HAVE_CSTDINT 1
| #define HAVE__BOOL 1
| #define HAVE_STDBOOL_H 1
| #define HAVE_PTRDIFF_T 1
| #define HAVE_MALLOC 1
| #define HAVE_MEMMOVE 1
| #define HAVE_MEMSET 1
| #define HAVE___MALLOC_HOOK 1
| #define HAVE_MEMALIGN 1
| #define HAVE_POSIX_MEMALIGN 1
| /* end confdefs.h.  */
| /* Define __mingw_aligned_free to an innocuous variant, in case <limits.h> declares __mingw_aligned_free.
|    For example, HP-UX 11i <limits.h> declares gettimeofday.  */
| #define __mingw_aligned_free innocuous___mingw_aligned_free
| 
| /* System header to define __stub macros and hopefully few prototypes,
|     which can conflict with char __mingw_aligned_free (); below.
|     Prefer <limits.h> to <assert.h> if __STDC__ is defined, since
|     <limits.h> exists even on freestanding compilers.  */
| 
| #ifdef __STDC__
| # include <limits.h>
| #else
| # include <assert.h>
| #endif
| 
| #undef __mingw_aligned_free
| 
| /* Override any GCC internal prototype to avoid an error.
|    Use char because int might match the return type of a GCC
|    builtin and then its argument prototype would still apply.  */
| #ifdef __cplusplus
| extern "C"
| #endif
| char __mingw_aligned_free ();
| /* The GNU C library defines this for functions which it implements
|     to always fail with ENOSYS.  Some functions are actually named
|     something starting with __ and the normal name is an alias.  */
| #if defined __stub___mingw_aligned_free || defined __stub_____mingw_aligned_free
| choke me
| #endif
| 
| int
| main ()
| {
| return __mingw_aligned_free ();
|   ;
|   return 0;
| }
configure:17585: result: no
configure:17595: checking for library containing pow
configure:17626: gcc -o conftest -g -O2 -std=c99 -Wall   conftest.c  >&5
conftest.c:48:6: warning: conflicting types for built-in function 'pow'
 char pow ();
      ^~~
/tmp/ccdtWLIx.o: In function `main':
/usr/src/libde265/conftest.c:52: undefined reference to `pow'
collect2: error: ld returned 1 exit status
configure:17626: $? = 1
configure: failed program was:
| /* confdefs.h */
| #define PACKAGE_NAME "libde265"
| #define PACKAGE_TARNAME "libde265"
| #define PACKAGE_VERSION "1.0.7"
| #define PACKAGE_STRING "libde265 1.0.7"
| #define PACKAGE_BUGREPORT "farin@struktur.de"
| #define PACKAGE_URL ""
| #define STDC_HEADERS 1
| #define HAVE_SYS_TYPES_H 1
| #define HAVE_SYS_STAT_H 1
| #define HAVE_STDLIB_H 1
| #define HAVE_STRING_H 1
| #define HAVE_MEMORY_H 1
| #define HAVE_STRINGS_H 1
| #define HAVE_INTTYPES_H 1
| #define HAVE_STDINT_H 1
| #define HAVE_UNISTD_H 1
| #define HAVE_DLFCN_H 1
| #define LT_OBJDIR ".libs/"
| #define PACKAGE "libde265"
| #define VERSION "1.0.7"
| #define HAVE_STDINT_H 1
| #define HAVE_STDLIB_H 1
| #define HAVE_STRING_H 1
| #define HAVE_MALLOC_H 1
| #define HAVE_SIGNAL_H 1
| #define HAVE_SETJMP_H 1
| #define HAVE_STDDEF_H 1
| #define HAVE_SYS_TIME_H 1
| #define HAVE_CSTDINT 1
| #define HAVE__BOOL 1
| #define HAVE_STDBOOL_H 1
| #define HAVE_PTRDIFF_T 1
| #define HAVE_MALLOC 1
| #define HAVE_MEMMOVE 1
| #define HAVE_MEMSET 1
| #define HAVE___MALLOC_HOOK 1
| #define HAVE_MEMALIGN 1
| #define HAVE_POSIX_MEMALIGN 1
| /* end confdefs.h.  */
| 
| /* Override any GCC internal prototype to avoid an error.
|    Use char because int might match the return type of a GCC
|    builtin and then its argument prototype would still apply.  */
| #ifdef __cplusplus
| extern "C"
| #endif
| char pow ();
| int
| main ()
| {
| return pow ();
|   ;
|   return 0;
| }
configure:17626: gcc -o conftest -g -O2 -std=c99 -Wall   conftest.c -lm   >&5
conftest.c:48:6: warning: conflicting types for built-in function 'pow'
 char pow ();
      ^~~
configure:17626: $? = 0
configure:17643: result: -lm
configure:17651: checking for library containing sqrt
configure:17682: gcc -o conftest -g -O2 -std=c99 -Wall   conftest.c -lm  >&5
conftest.c:48:6: warning: conflicting types for built-in function 'sqrt'
 char sqrt ();
      ^~~~
configure:17682: $? = 0
configure:17699: result: none required
configure:17707: checking for library containing pthread_create
configure:17738: gcc -o conftest -g -O2 -std=c99 -Wall   conftest.c -lm  >&5
/tmp/ccyXNsXH.o: In function `main':
/usr/src/libde265/conftest.c:52: undefined reference to `pthread_create'
collect2: error: ld returned 1 exit status
configure:17738: $? = 1
configure: failed program was:
| /* confdefs.h */
| #define PACKAGE_NAME "libde265"
| #define PACKAGE_TARNAME "libde265"
| #define PACKAGE_VERSION "1.0.7"
| #define PACKAGE_STRING "libde265 1.0.7"
| #define PACKAGE_BUGREPORT "farin@struktur.de"
| #define PACKAGE_URL ""
| #define STDC_HEADERS 1
| #define HAVE_SYS_TYPES_H 1
| #define HAVE_SYS_STAT_H 1
| #define HAVE_STDLIB_H 1
| #define HAVE_STRING_H 1
| #define HAVE_MEMORY_H 1
| #define HAVE_STRINGS_H 1
| #define HAVE_INTTYPES_H 1
| #define HAVE_STDINT_H 1
| #define HAVE_UNISTD_H 1
| #define HAVE_DLFCN_H 1
| #define LT_OBJDIR ".libs/"
| #define PACKAGE "libde265"
| #define VERSION "1.0.7"
| #define HAVE_STDINT_H 1
| #define HAVE_STDLIB_H 1
| #define HAVE_STRING_H 1
| #define HAVE_MALLOC_H 1
| #define HAVE_SIGNAL_H 1
| #define HAVE_SETJMP_H 1
| #define HAVE_STDDEF_H 1
| #define HAVE_SYS_TIME_H 1
| #define HAVE_CSTDINT 1
| #define HAVE__BOOL 1
| #define HAVE_STDBOOL_H 1
| #define HAVE_PTRDIFF_T 1
| #define HAVE_MALLOC 1
| #define HAVE_MEMMOVE 1
| #define HAVE_MEMSET 1
| #define HAVE___MALLOC_HOOK 1
| #define HAVE_MEMALIGN 1
| #define HAVE_POSIX_MEMALIGN 1
| /* end confdefs.h.  */
| 
| /* Override any GCC internal prototype to avoid an error.
|    Use char because int might match the return type of a GCC
|    builtin and then its argument prototype would still apply.  */
| #ifdef __cplusplus
| extern "C"
| #endif
| char pthread_create ();
| int
| main ()
| {
| return pthread_create ();
|   ;
|   return 0;
| }
configure:17738: gcc -o conftest -g -O2 -std=c99 -Wall   conftest.c -lpthread  -lm  >&5
configure:17738: $? = 0
configure:17755: result: -lpthread
configure:17766: checking for gettimeofday
configure:17766: gcc -o conftest -g -O2 -std=c99 -Wall   conftest.c -lpthread -lm  >&5
configure:17766: $? = 0
configure:17766: result: yes
configure:17778: checking for pow
configure:17778: gcc -o conftest -g -O2 -std=c99 -Wall   conftest.c -lpthread -lm  >&5
conftest.c:65:6: warning: conflicting types for built-in function 'pow'
 char pow ();
      ^~~
configure:17778: $? = 0
configure:17778: result: yes
configure:17778: checking for sqrt
configure:17778: gcc -o conftest -g -O2 -std=c99 -Wall   conftest.c -lpthread -lm  >&5
conftest.c:66:6: warning: conflicting types for built-in function 'sqrt'
 char sqrt ();
      ^~~~
configure:17778: $? = 0
configure:17778: result: yes
configure:17790: checking for strchr
configure:17790: gcc -o conftest -g -O2 -std=c99 -Wall   conftest.c -lpthread -lm  >&5
conftest.c:67:6: warning: conflicting types for built-in function 'strchr'
 char strchr ();
      ^~~~~~
configure:17790: $? = 0
configure:17790: result: yes
configure:17790: checking for strrchr
configure:17790: gcc -o conftest -g -O2 -std=c99 -Wall   conftest.c -lpthread -lm  >&5
conftest.c:68:6: warning: conflicting types for built-in function 'strrchr'
 char strrchr ();
      ^~~~~~~
configure:17790: $? = 0
configure:17790: result: yes
configure:17802: checking for working alloca.h
configure:17819: gcc -o conftest -g -O2 -std=c99 -Wall   conftest.c -lpthread -lm  >&5
configure:17819: $? = 0
configure:17827: result: yes
configure:17835: checking for alloca
configure:17872: gcc -o conftest -g -O2 -std=c99 -Wall   conftest.c -lpthread -lm  >&5
configure:17872: $? = 0
configure:17880: result: yes
configure:17986: checking for error_at_line
configure:18002: gcc -o conftest -g -O2 -std=c99 -Wall   conftest.c -lpthread -lm  >&5
configure:18002: $? = 0
configure:18010: result: yes
configure:18025: checking whether time.h and sys/time.h may both be included
configure:18045: gcc -c -g -O2 -std=c99 -Wall  conftest.c >&5
configure:18045: $? = 0
configure:18052: result: yes
configure:18066: checking for sys/time.h
configure:18066: result: yes
configure:18066: checking for unistd.h
configure:18066: result: yes
configure:18087: checking for alarm
configure:18087: gcc -o conftest -g -O2 -std=c99 -Wall   conftest.c -lpthread -lm  >&5
configure:18087: $? = 0
configure:18087: result: yes
configure:18100: checking for working mktime
configure:18302: gcc -o conftest -g -O2 -std=c99 -Wall   conftest.c -lpthread -lm  >&5
conftest.c: In function 'spring_forward_gap':
conftest.c:100:3: warning: implicit declaration of function 'putenv' [-Wimplicit-function-declaration]
   putenv ((char*) "TZ=PST8PDT,M4.1.0,M10.5.0");
   ^~~~~~
configure:18302: $? = 0
configure:18302: ./conftest
configure:18302: $? = 0
configure:18312: result: yes
configure:18334: checking if __STRICT_ANSI__ is required
configure:18355: g++ -c -g -O2 -Werror=return-type -Werror=unused-result -Werror=reorder  conftest.cpp >&5
configure:18355: $? = 0
configure:18371: result: no
configure:18375: checking for std::shared_ptr
configure:18399: g++ -c -g -O2 -Werror=return-type -Werror=unused-result -Werror=reorder  conftest.cpp >&5
configure:18399: $? = 0
configure:18405: result: yes
configure:18448: checking for std::move
configure:18475: g++ -c -g -O2 -Werror=return-type -Werror=unused-result -Werror=reorder  conftest.cpp >&5
configure:18475: $? = 0
configure:18492: result: yes
configure:18496: checking for nullptr
configure:18519: g++ -c -g -O2 -Werror=return-type -Werror=unused-result -Werror=reorder  conftest.cpp >&5
configure:18519: $? = 0
configure:18536: result: yes
configure:18577: checking whether C compiler accepts -msse4.1
configure:18596: gcc -c -g -O2 -std=c99 -Wall  -msse4.1  conftest.c >&5
configure:18596: $? = 0
configure:18604: result: yes
configure:18851: checking for pkg-config
configure:18869: found /usr/bin/pkg-config
configure:18881: result: /usr/bin/pkg-config
configure:18906: checking pkg-config is at least version 0.9.0
configure:18909: result: yes
configure:18919: checking for VIDEOGFX
configure:18926: $PKG_CONFIG --exists --print-errors "libvideogfx"
Package libvideogfx was not found in the pkg-config search path.
Perhaps you should add the directory containing `libvideogfx.pc'
to the PKG_CONFIG_PATH environment variable
No package 'libvideogfx' found
configure:18929: $? = 1
configure:18943: $PKG_CONFIG --exists --print-errors "libvideogfx"
Package libvideogfx was not found in the pkg-config search path.
Perhaps you should add the directory containing `libvideogfx.pc'
to the PKG_CONFIG_PATH environment variable
No package 'libvideogfx' found
configure:18946: $? = 1
configure:18960: result: no
No package 'libvideogfx' found
configure:19000: checking for SDL
configure:19007: $PKG_CONFIG --exists --print-errors "sdl"
configure:19010: $? = 0
configure:19024: $PKG_CONFIG --exists --print-errors "sdl"
configure:19027: $? = 0
configure:19067: result: yes
configure:19081: checking for SWSCALE
configure:19088: $PKG_CONFIG --exists --print-errors "libswscale"
configure:19091: $? = 0
configure:19105: $PKG_CONFIG --exists --print-errors "libswscale"
configure:19108: $? = 0
configure:19148: result: yes
configure:19198: checking for QT
configure:19205: $PKG_CONFIG --exists --print-errors "Qt5Core Qt5Gui Qt5Widgets"
configure:19208: $? = 0
configure:19222: $PKG_CONFIG --exists --print-errors "Qt5Core Qt5Gui Qt5Widgets"
configure:19225: $? = 0
configure:19263: result: yes
configure:19364: checking for qtchooser
configure:19382: found /usr/bin/qtchooser
configure:19394: result: /usr/bin/qtchooser
configure:19457: checking for version of /usr/bin/qtchooser -run-tool=moc -qt=5
configure:19460: result: 5.7.1
configure:19520: ---------------------------------------
configure:19522: Building dec265 example: yes
configure:19524: Building sherlock265 example: yes
configure:19526: Building encoder: yes
configure:19528: ---------------------------------------
configure:19674: checking that generated files are newer than configure
configure:19680: result: done
configure:19751: creating ./config.status

## ---------------------- ##
## Running config.status. ##
## ---------------------- ##

This file was extended by libde265 config.status 1.0.7, which was
generated by GNU Autoconf 2.69.  Invocation command line was

  CONFIG_FILES    = 
  CONFIG_HEADERS  = 
  CONFIG_LINKS    = 
  CONFIG_COMMANDS = 
  $ ./config.status 

on ist126fall2020-vm

config.status:1244: creating Makefile
config.status:1244: creating libde265/Makefile
config.status:1244: creating libde265/arm/Makefile
config.status:1244: creating libde265/x86/Makefile
config.status:1244: creating libde265/encoder/Makefile
config.status:1244: creating libde265/encoder/algo/Makefile
config.status:1244: creating libde265/de265-version.h
config.status:1244: creating dec265/Makefile
config.status:1244: creating enc265/Makefile
config.status:1244: creating sherlock265/Makefile
config.status:1244: creating tools/Makefile
config.status:1244: creating acceleration-speed/Makefile
config.status:1244: creating libde265.pc
config.status:1244: creating config.h
config.status:1473: executing libtool commands
config.status:1473: executing depfiles commands

## ---------------- ##
## Cache variables. ##
## ---------------- ##

ac_cv_build=x86_64-pc-linux-gnu
ac_cv_c_compiler_gnu=yes
ac_cv_c_inline=inline
ac_cv_c_int16_t=yes
ac_cv_c_int32_t=yes
ac_cv_c_int64_t=yes
ac_cv_c_int8_t=yes
ac_cv_c_uint16_t=yes
ac_cv_c_uint32_t=yes
ac_cv_c_uint64_t=yes
ac_cv_c_uint8_t=yes
ac_cv_cxx_compiler_gnu=yes
ac_cv_env_CCASFLAGS_set=
ac_cv_env_CCASFLAGS_value=
ac_cv_env_CCAS_set=
ac_cv_env_CCAS_value=
ac_cv_env_CCC_set=
ac_cv_env_CCC_value=
ac_cv_env_CC_set=
ac_cv_env_CC_value=
ac_cv_env_CFLAGS_set=
ac_cv_env_CFLAGS_value=
ac_cv_env_CPPFLAGS_set=
ac_cv_env_CPPFLAGS_value=
ac_cv_env_CPP_set=
ac_cv_env_CPP_value=
ac_cv_env_CXXCPP_set=
ac_cv_env_CXXCPP_value=
ac_cv_env_CXXFLAGS_set=
ac_cv_env_CXXFLAGS_value=
ac_cv_env_CXX_set=
ac_cv_env_CXX_value=
ac_cv_env_LDFLAGS_set=
ac_cv_env_LDFLAGS_value=
ac_cv_env_LIBS_set=
ac_cv_env_LIBS_value=
ac_cv_env_LT_SYS_LIBRARY_PATH_set=
ac_cv_env_LT_SYS_LIBRARY_PATH_value=
ac_cv_env_PKG_CONFIG_LIBDIR_set=
ac_cv_env_PKG_CONFIG_LIBDIR_value=
ac_cv_env_PKG_CONFIG_PATH_set=
ac_cv_env_PKG_CONFIG_PATH_value=
ac_cv_env_PKG_CONFIG_set=
ac_cv_env_PKG_CONFIG_value=
ac_cv_env_QT_CFLAGS_set=
ac_cv_env_QT_CFLAGS_value=
ac_cv_env_QT_LIBS_set=
ac_cv_env_QT_LIBS_value=
ac_cv_env_SDL_CFLAGS_set=
ac_cv_env_SDL_CFLAGS_value=
ac_cv_env_SDL_LIBS_set=
ac_cv_env_SDL_LIBS_value=
ac_cv_env_SWSCALE_CFLAGS_set=
ac_cv_env_SWSCALE_CFLAGS_value=
ac_cv_env_SWSCALE_LIBS_set=
ac_cv_env_SWSCALE_LIBS_value=
ac_cv_env_VIDEOGFX_CFLAGS_set=
ac_cv_env_VIDEOGFX_CFLAGS_value=
ac_cv_env_VIDEOGFX_LIBS_set=
ac_cv_env_VIDEOGFX_LIBS_value=
ac_cv_env_build_alias_set=
ac_cv_env_build_alias_value=
ac_cv_env_host_alias_set=
ac_cv_env_host_alias_value=
ac_cv_env_target_alias_set=
ac_cv_env_target_alias_value=
ac_cv_func___malloc_hook=yes
ac_cv_func___mingw_aligned_free=no
ac_cv_func___mingw_aligned_malloc=no
ac_cv_func_alarm=yes
ac_cv_func_alloca_works=yes
ac_cv_func_gettimeofday=yes
ac_cv_func_malloc=yes
ac_cv_func_memalign=yes
ac_cv_func_memmove=yes
ac_cv_func_memset=yes
ac_cv_func_posix_memalign=yes
ac_cv_func_pow=yes
ac_cv_func_sqrt=yes
ac_cv_func_strchr=yes
ac_cv_func_strrchr=yes
ac_cv_func_working_mktime=yes
ac_cv_header_cstdint=yes
ac_cv_header_dlfcn_h=yes
ac_cv_header_inttypes_h=yes
ac_cv_header_malloc_h=yes
ac_cv_header_memory_h=yes
ac_cv_header_setjmp_h=yes
ac_cv_header_signal_h=yes
ac_cv_header_stdbool_h=yes
ac_cv_header_stdc=yes
ac_cv_header_stddef_h=yes
ac_cv_header_stdint_h=yes
ac_cv_header_stdlib_h=yes
ac_cv_header_string_h=yes
ac_cv_header_strings_h=yes
ac_cv_header_sys_stat_h=yes
ac_cv_header_sys_time_h=yes
ac_cv_header_sys_types_h=yes
ac_cv_header_time=yes
ac_cv_header_unistd_h=yes
ac_cv_host=x86_64-pc-linux-gnu
ac_cv_lib_error_at_line=yes
ac_cv_objext=o
ac_cv_path_EGREP='/bin/grep -E'
ac_cv_path_FGREP='/bin/grep -F'
ac_cv_path_GREP=/bin/grep
ac_cv_path_QTCHOOSER=/usr/bin/qtchooser
ac_cv_path_SED=/bin/sed
ac_cv_path_ac_pt_PKG_CONFIG=/usr/bin/pkg-config
ac_cv_path_install='/usr/bin/install -c'
ac_cv_path_lt_DD=/bin/dd
ac_cv_path_mkdir=/bin/mkdir
ac_cv_prog_AWK=mawk
ac_cv_prog_CPP='gcc -E'
ac_cv_prog_CXXCPP='g++ -E'
ac_cv_prog_ac_ct_AR=ar
ac_cv_prog_ac_ct_CC=gcc
ac_cv_prog_ac_ct_CXX=g++
ac_cv_prog_ac_ct_MANIFEST_TOOL=mt
ac_cv_prog_ac_ct_OBJDUMP=objdump
ac_cv_prog_ac_ct_RANLIB=ranlib
ac_cv_prog_ac_ct_STRIP=strip
ac_cv_prog_cc_c89=
ac_cv_prog_cc_g=yes
ac_cv_prog_cxx_g=yes
ac_cv_prog_make_make_set=yes
ac_cv_search_pow=-lm
ac_cv_search_pthread_create=-lpthread
ac_cv_search_sqrt='none required'
ac_cv_target=x86_64-pc-linux-gnu
ac_cv_type__Bool=yes
ac_cv_type_ptrdiff_t=yes
ac_cv_type_size_t=yes
ac_cv_working_alloca_h=yes
am_cv_CCAS_dependencies_compiler_type=gcc3
am_cv_CC_dependencies_compiler_type=gcc3
am_cv_CXX_dependencies_compiler_type=gcc3
am_cv_make_support_nested_variables=yes
am_cv_prog_cc_c_o=yes
ax_cv_check_cflags___msse4_1=yes
ax_cv_cxx_compile_cxx11=yes
ax_cv_support_sse41_ext=yes
lt_cv_ar_at_file=@
lt_cv_archive_cmds_need_lc=no
lt_cv_deplibs_check_method=pass_all
lt_cv_file_magic_cmd='$MAGIC_CMD'
lt_cv_file_magic_test_file=
lt_cv_ld_reload_flag=-r
lt_cv_nm_interface='BSD nm'
lt_cv_objdir=.libs
lt_cv_path_LD=/usr/bin/ld
lt_cv_path_LDCXX='/usr/bin/ld -m elf_x86_64'
lt_cv_path_NM='/usr/bin/nm -B'
lt_cv_path_mainfest_tool=no
lt_cv_prog_compiler_c_o=yes
lt_cv_prog_compiler_c_o_CXX=yes
lt_cv_prog_compiler_pic='-fPIC -DPIC'
lt_cv_prog_compiler_pic_CXX='-fPIC -DPIC'
lt_cv_prog_compiler_pic_works=yes
lt_cv_prog_compiler_pic_works_CXX=yes
lt_cv_prog_compiler_rtti_exceptions=no
lt_cv_prog_compiler_static_works=yes
lt_cv_prog_compiler_static_works_CXX=yes
lt_cv_prog_gnu_ld=yes
lt_cv_prog_gnu_ldcxx=yes
lt_cv_sharedlib_from_linklib_cmd='printf %s\n'
lt_cv_shlibpath_overrides_runpath=yes
lt_cv_sys_global_symbol_pipe='sed -n -e '\''s/^.*[	 ]\([ABCDGIRSTW][ABCDGIRSTW]*\)[	 ][	 ]*\([_A-Za-z][_A-Za-z0-9]*\)$/\1 \2 \2/p'\'' | sed '\''/ __gnu_lto/d'\'''
lt_cv_sys_global_symbol_to_c_name_address='sed -n -e '\''s/^: \(.*\) .*$/  {"\1", (void *) 0},/p'\'' -e '\''s/^[ABCDGIRSTW][ABCDGIRSTW]* .* \(.*\)$/  {"\1", (void *) \&\1},/p'\'''
lt_cv_sys_global_symbol_to_c_name_address_lib_prefix='sed -n -e '\''s/^: \(.*\) .*$/  {"\1", (void *) 0},/p'\'' -e '\''s/^[ABCDGIRSTW][ABCDGIRSTW]* .* \(lib.*\)$/  {"\1", (void *) \&\1},/p'\'' -e '\''s/^[ABCDGIRSTW][ABCDGIRSTW]* .* \(.*\)$/  {"lib\1", (void *) \&\1},/p'\'''
lt_cv_sys_global_symbol_to_cdecl='sed -n -e '\''s/^T .* \(.*\)$/extern int \1();/p'\'' -e '\''s/^[ABCDGIRSTW][ABCDGIRSTW]* .* \(.*\)$/extern char \1;/p'\'''
lt_cv_sys_global_symbol_to_import=
lt_cv_sys_max_cmd_len=1572864
lt_cv_to_host_file_cmd=func_convert_file_noop
lt_cv_to_tool_file_cmd=func_convert_file_noop
lt_cv_truncate_bin='/bin/dd bs=4096 count=1'
pkg_cv_QT_CFLAGS='-I/usr/include/x86_64-linux-gnu/qt5/QtWidgets -I/usr/include/x86_64-linux-gnu/qt5 -I/usr/include/x86_64-linux-gnu/qt5/QtGui -I/usr/include/x86_64-linux-gnu/qt5 -I/usr/include/x86_64-linux-gnu/qt5/QtCore -I/usr/include/x86_64-linux-gnu/qt5'
pkg_cv_QT_LIBS='-lQt5Widgets -lQt5Gui -lQt5Core'
pkg_cv_SDL_CFLAGS='-D_GNU_SOURCE=1 -D_REENTRANT -I/usr/include/SDL'
pkg_cv_SDL_LIBS=-lSDL
pkg_cv_SWSCALE_CFLAGS=-I/usr/include/x86_64-linux-gnu
pkg_cv_SWSCALE_LIBS=-lswscale

## ----------------- ##
## Output variables. ##
## ----------------- ##

ACLOCAL='${SHELL} /usr/src/libde265/missing aclocal-1.15'
ALLOCA=''
AMDEPBACKSLASH='\'
AMDEP_FALSE='#'
AMDEP_TRUE=''
AMTAR='$${TAR-tar}'
AM_BACKSLASH='\'
AM_DEFAULT_V='$(AM_DEFAULT_VERBOSITY)'
AM_DEFAULT_VERBOSITY='1'
AM_V='$(V)'
AR='ar'
AUTOCONF='${SHELL} /usr/src/libde265/missing autoconf'
AUTOHEADER='${SHELL} /usr/src/libde265/missing autoheader'
AUTOMAKE='${SHELL} /usr/src/libde265/missing automake-1.15'
AWK='mawk'
CC='gcc'
CCAS='gcc'
CCASDEPMODE='depmode=gcc3'
CCASFLAGS='-g -O2'
CCDEPMODE='depmode=gcc3'
CFLAGS='-g -O2 -std=c99 -Wall'
CPP='gcc -E'
CPPFLAGS=''
CXX='g++'
CXXCPP='g++ -E'
CXXDEPMODE='depmode=gcc3'
CXXFLAGS='-g -O2 -Werror=return-type -Werror=unused-result -Werror=reorder -DDE265_LOG_ERROR'
CYGPATH_W='echo'
DEFS='-DHAVE_CONFIG_H'
DEPDIR='.deps'
DLLTOOL='false'
DSYMUTIL=''
DUMPBIN=''
ECHO_C=''
ECHO_N='-n'
ECHO_T=''
EGREP='/bin/grep -E'
ENABLE_ARM_OPT_FALSE=''
ENABLE_ARM_OPT_TRUE='#'
ENABLE_ARM_THUMB_FALSE='#'
ENABLE_ARM_THUMB_TRUE=''
ENABLE_DEC265_FALSE='#'
ENABLE_DEC265_TRUE=''
ENABLE_ENCODER_FALSE='#'
ENABLE_ENCODER_TRUE=''
ENABLE_NEON_OPT_FALSE=''
ENABLE_NEON_OPT_TRUE='#'
ENABLE_SHERLOCK265_FALSE='#'
ENABLE_SHERLOCK265_TRUE=''
ENABLE_SSE_OPT_FALSE='#'
ENABLE_SSE_OPT_TRUE=''
EXEEXT=''
FGREP='/bin/grep -F'
GREP='/bin/grep'
HAVE_CXX11=''
HAVE_SDL_FALSE='#'
HAVE_SDL_TRUE=''
HAVE_SWSCALE_FALSE='#'
HAVE_SWSCALE_TRUE=''
HAVE_VIDEOGFX_FALSE=''
HAVE_VIDEOGFX_TRUE='#'
HAVE_VISIBILITY_FALSE=''
HAVE_VISIBILITY_TRUE='#'
INSTALL_DATA='${INSTALL} -m 644'
INSTALL_PROGRAM='${INSTALL}'
INSTALL_SCRIPT='${INSTALL}'
INSTALL_STRIP_PROGRAM='$(install_sh) -c -s'
LD='/usr/bin/ld -m elf_x86_64'
LDFLAGS=''
LIBDE265_AGE='1'
LIBDE265_CURRENT='1'
LIBDE265_REVISION='0'
LIBOBJS=''
LIBS='-lpthread -lm '
LIBTOOL='$(SHELL) $(top_builddir)/libtool'
LIPO=''
LN_S='ln -s'
LTLIBOBJS=''
LT_SYS_LIBRARY_PATH=''
MAKEINFO='${SHELL} /usr/src/libde265/missing makeinfo'
MANIFEST_TOOL=':'
MINGW_FALSE=''
MINGW_TRUE='#'
MKDIR_P='/bin/mkdir -p'
NM='/usr/bin/nm -B'
NMEDIT=''
NUMERIC_VERSION='0x01000700'
OBJDUMP='objdump'
OBJEXT='o'
OTOOL64=''
OTOOL=''
PACKAGE='libde265'
PACKAGE_BUGREPORT='farin@struktur.de'
PACKAGE_NAME='libde265'
PACKAGE_STRING='libde265 1.0.7'
PACKAGE_TARNAME='libde265'
PACKAGE_URL=''
PACKAGE_VERSION='1.0.7'
PATH_SEPARATOR=':'
PKG_CONFIG='/usr/bin/pkg-config'
PKG_CONFIG_LIBDIR=''
PKG_CONFIG_PATH=''
QTCHOOSER='/usr/bin/qtchooser'
QTMOC='/usr/bin/qtchooser -run-tool=moc -qt=5'
QT_CFLAGS='-I/usr/include/x86_64-linux-gnu/qt5/QtWidgets -I/usr/include/x86_64-linux-gnu/qt5 -I/usr/include/x86_64-linux-gnu/qt5/QtGui -I/usr/include/x86_64-linux-gnu/qt5 -I/usr/include/x86_64-linux-gnu/qt5/QtCore -I/usr/include/x86_64-linux-gnu/qt5'
QT_LIBS='-lQt5Widgets -lQt5Gui -lQt5Core'
RANLIB='ranlib'
SDL_CFLAGS='-D_GNU_SOURCE=1 -D_REENTRANT -I/usr/include/SDL'
SDL_LIBS='-lSDL'
SED='/bin/sed'
SET_MAKE=''
SHELL='/bin/bash'
STRIP='strip'
SWSCALE_CFLAGS='-I/usr/include/x86_64-linux-gnu'
SWSCALE_LIBS='-lswscale'
VERSION='1.0.7'
VIDEOGFX_CFLAGS=''
VIDEOGFX_LIBS=''
ac_ct_AR='ar'
ac_ct_CC='gcc'
ac_ct_CXX='g++'
ac_ct_DUMPBIN=''
am__EXEEXT_FALSE=''
am__EXEEXT_TRUE='#'
am__fastdepCCAS_FALSE='#'
am__fastdepCCAS_TRUE=''
am__fastdepCC_FALSE='#'
am__fastdepCC_TRUE=''
am__fastdepCXX_FALSE='#'
am__fastdepCXX_TRUE=''
am__include='include'
am__isrc=''
am__leading_dot='.'
am__nodep='_no'
am__quote=''
am__tar='$${TAR-tar} chof - "$$tardir"'
am__untar='$${TAR-tar} xf -'
bindir='${exec_prefix}/bin'
build='x86_64-pc-linux-gnu'
build_alias=''
build_cpu='x86_64'
build_os='linux-gnu'
build_vendor='pc'
datadir='${datarootdir}'
datarootdir='${prefix}/share'
docdir='${datarootdir}/doc/${PACKAGE_TARNAME}'
dvidir='${docdir}'
exec_prefix='${prefix}'
host='x86_64-pc-linux-gnu'
host_alias=''
host_cpu='x86_64'
host_os='linux-gnu'
host_vendor='pc'
htmldir='${docdir}'
includedir='${prefix}/include'
infodir='${datarootdir}/info'
install_sh='${SHELL} /usr/src/libde265/install-sh'
libdir='${exec_prefix}/lib'
libexecdir='${exec_prefix}/libexec'
localedir='${datarootdir}/locale'
localstatedir='${prefix}/var'
mandir='${datarootdir}/man'
mkdir_p='$(MKDIR_P)'
oldincludedir='/usr/include'
pdfdir='${docdir}'
prefix='/usr/local'
program_transform_name='s,x,x,'
psdir='${docdir}'
runstatedir='${localstatedir}/run'
sbindir='${exec_prefix}/sbin'
sharedstatedir='${prefix}/com'
sysconfdir='${prefix}/etc'
target='x86_64-pc-linux-gnu'
target_alias=''
target_cpu='x86_64'
target_os='linux-gnu'
target_vendor='pc'

## ----------- ##
## confdefs.h. ##
## ----------- ##

/* confdefs.h */
#define PACKAGE_NAME "libde265"
#define PACKAGE_TARNAME "libde265"
#define PACKAGE_VERSION "1.0.7"
#define PACKAGE_STRING "libde265 1.0.7"
#define PACKAGE_BUGREPORT "farin@struktur.de"
#define PACKAGE_URL ""
#define STDC_HEADERS 1
#define HAVE_SYS_TYPES_H 1
#define HAVE_SYS_STAT_H 1
#define HAVE_STDLIB_H 1
#define HAVE_STRING_H 1
#define HAVE_MEMORY_H 1
#define HAVE_STRINGS_H 1
#define HAVE_INTTYPES_H 1
#define HAVE_STDINT_H 1
#define HAVE_UNISTD_H 1
#define HAVE_DLFCN_H 1
#define LT_OBJDIR ".libs/"
#define PACKAGE "libde265"
#define VERSION "1.0.7"
#define HAVE_STDINT_H 1
#define HAVE_STDLIB_H 1
#define HAVE_STRING_H 1
#define HAVE_MALLOC_H 1
#define HAVE_SIGNAL_H 1
#define HAVE_SETJMP_H 1
#define HAVE_STDDEF_H 1
#define HAVE_SYS_TIME_H 1
#define HAVE_CSTDINT 1
#define HAVE__BOOL 1
#define HAVE_STDBOOL_H 1
#define HAVE_PTRDIFF_T 1
#define HAVE_MALLOC 1
#define HAVE_MEMMOVE 1
#define HAVE_MEMSET 1
#define HAVE___MALLOC_HOOK 1
#define HAVE_MEMALIGN 1
#define HAVE_POSIX_MEMALIGN 1
#define HAVE_GETTIMEOFDAY 1
#define HAVE_POW 1
#define HAVE_SQRT 1
#define HAVE_STRCHR 1
#define HAVE_STRRCHR 1
#define HAVE_ALLOCA_H 1
#define HAVE_ALLOCA 1
#define TIME_WITH_SYS_TIME 1
#define HAVE_SYS_TIME_H 1
#define HAVE_UNISTD_H 1
#define HAVE_ALARM 1
#define HAVE_SSE4_1 1
#define HAVE_SDL 1
#define HAVE_SWSCALE 1

configure: exit 0
